CONFIG
тФЬтФАтФА data
тФВ   тФФтФАтФА _target_: src.data.mnist_datamodule.MNISTDataModule                                                                                                                                 
тФВ       data_dir: /Users/davidmiller/Projects/profam/lightning-hydra-template/data/                                                                                                         
тФВ       batch_size: 128                                                                                                                                                                     
тФВ       train_val_test_split:                                                                                                                                                               
тФВ       - 55000                                                                                                                                                                             
тФВ       - 5000                                                                                                                                                                              
тФВ       - 10000                                                                                                                                                                             
тФВ       num_workers: 0                                                                                                                                                                      
тФВ       pin_memory: false                                                                                                                                                                   
тФВ                                                                                                                                                                                           
тФЬтФАтФА model
тФВ   тФФтФАтФА _target_: src.models.mnist_module.MNISTLitModule                                                                                                                                    
тФВ       optimizer:                                                                                                                                                                          
тФВ         _target_: torch.optim.Adam                                                                                                                                                        
тФВ         _partial_: true                                                                                                                                                                   
тФВ         lr: 0.001                                                                                                                                                                         
тФВ         weight_decay: 0.0                                                                                                                                                                 
тФВ       scheduler:                                                                                                                                                                          
тФВ         _target_: torch.optim.lr_scheduler.ReduceLROnPlateau                                                                                                                              
тФВ         _partial_: true                                                                                                                                                                   
тФВ         mode: min                                                                                                                                                                         
тФВ         factor: 0.1                                                                                                                                                                       
тФВ         patience: 10                                                                                                                                                                      
тФВ       net:                                                                                                                                                                                
тФВ         _target_: src.models.components.simple_dense_net.SimpleDenseNet                                                                                                                   
тФВ         input_size: 784                                                                                                                                                                   
тФВ         lin1_size: 64                                                                                                                                                                     
тФВ         lin2_size: 128                                                                                                                                                                    
тФВ         lin3_size: 64                                                                                                                                                                     
тФВ         output_size: 10                                                                                                                                                                   
тФВ       compile: false                                                                                                                                                                      
тФВ                                                                                                                                                                                           
тФЬтФАтФА callbacks
тФВ   тФФтФАтФА model_checkpoint:                                                                                                                                                                   
тФВ         _target_: lightning.pytorch.callbacks.ModelCheckpoint                                                                                                                             
тФВ         dirpath: /Users/davidmiller/Projects/profam/lightning-hydra-template/logs/train/runs/2024-05-13_19-07-58/checkpoints                                                              
тФВ         filename: epoch_{epoch:03d}                                                                                                                                                       
тФВ         monitor: val/acc                                                                                                                                                                  
тФВ         verbose: false                                                                                                                                                                    
тФВ         save_last: true                                                                                                                                                                   
тФВ         save_top_k: 1                                                                                                                                                                     
тФВ         mode: max                                                                                                                                                                         
тФВ         auto_insert_metric_name: false                                                                                                                                                    
тФВ         save_weights_only: false                                                                                                                                                          
тФВ         every_n_train_steps: null                                                                                                                                                         
тФВ         train_time_interval: null                                                                                                                                                         
тФВ         every_n_epochs: null                                                                                                                                                              
тФВ         save_on_train_epoch_end: null                                                                                                                                                     
тФВ       early_stopping:                                                                                                                                                                     
тФВ         _target_: lightning.pytorch.callbacks.EarlyStopping                                                                                                                               
тФВ         monitor: val/acc                                                                                                                                                                  
тФВ         min_delta: 0.0                                                                                                                                                                    
тФВ         patience: 100                                                                                                                                                                     
тФВ         verbose: false                                                                                                                                                                    
тФВ         mode: max                                                                                                                                                                         
тФВ         strict: true                                                                                                                                                                      
тФВ         check_finite: true                                                                                                                                                                
тФВ         stopping_threshold: null                                                                                                                                                          
тФВ         divergence_threshold: null                                                                                                                                                        
тФВ         check_on_train_epoch_end: null                                                                                                                                                    
тФВ       model_summary:                                                                                                                                                                      
тФВ         _target_: lightning.pytorch.callbacks.RichModelSummary                                                                                                                            
тФВ         max_depth: -1                                                                                                                                                                     
тФВ       rich_progress_bar:                                                                                                                                                                  
тФВ         _target_: lightning.pytorch.callbacks.RichProgressBar                                                                                                                             
тФВ                                                                                                                                                                                           
тФЬтФАтФА trainer
тФВ   тФФтФАтФА _target_: lightning.pytorch.trainer.Trainer                                                                                                                                         
тФВ       default_root_dir: /Users/davidmiller/Projects/profam/lightning-hydra-template/logs/train/runs/2024-05-13_19-07-58                                                                   
тФВ       min_epochs: 1                                                                                                                                                                       
тФВ       max_epochs: 10                                                                                                                                                                      
тФВ       accelerator: cpu                                                                                                                                                                    
тФВ       devices: 1                                                                                                                                                                          
тФВ       check_val_every_n_epoch: 1                                                                                                                                                          
тФВ       deterministic: false                                                                                                                                                                
тФВ                                                                                                                                                                                           
тФЬтФАтФА paths
тФВ   тФФтФАтФА root_dir: /Users/davidmiller/Projects/profam/lightning-hydra-template                                                                                                               
тФВ       data_dir: /Users/davidmiller/Projects/profam/lightning-hydra-template/data/                                                                                                         
тФВ       log_dir: /Users/davidmiller/Projects/profam/lightning-hydra-template/logs/                                                                                                          
тФВ       output_dir: /Users/davidmiller/Projects/profam/lightning-hydra-template/logs/train/runs/2024-05-13_19-07-58                                                                         
тФВ       work_dir: /Users/davidmiller/Projects/profam/lightning-hydra-template                                                                                                               
тФВ                                                                                                                                                                                           
тФЬтФАтФА extras
тФВ   тФФтФАтФА ignore_warnings: false                                                                                                                                                              
тФВ       enforce_tags: true                                                                                                                                                                  
тФВ       print_config: true                                                                                                                                                                  
тФВ                                                                                                                                                                                           
тФЬтФАтФА task_name
тФВ   тФФтФАтФА train                                                                                                                                                                               
тФЬтФАтФА tags
тФВ   тФФтФАтФА ['dev']                                                                                                                                                                             
тФЬтФАтФА train
тФВ   тФФтФАтФА True                                                                                                                                                                                
тФЬтФАтФА test
тФВ   тФФтФАтФА True                                                                                                                                                                                
тФЬтФАтФА ckpt_path
тФВ   тФФтФАтФА None                                                                                                                                                                                
тФФтФАтФА seed
    тФФтФАтФА None                                                                                                                                                                                
